2024-03-06 11:22:52,135 [INFO] [Holmes] use the default memory percent calculated by gopsutil
2024-03-06 11:22:58,156 [DEBUG] [Holmes] warming up cycle : 1
2024-03-06 11:23:03,154 [DEBUG] [Holmes] warming up cycle : 2
2024-03-06 11:23:08,154 [DEBUG] [Holmes] warming up cycle : 3
2024-03-06 11:23:13,155 [DEBUG] [Holmes] warming up cycle : 4
2024-03-06 11:23:18,155 [DEBUG] [Holmes] warming up cycle : 5
2024-03-06 11:23:23,158 [DEBUG] [Holmes] warming up cycle : 6
2024-03-06 11:23:28,153 [DEBUG] [Holmes] warming up cycle : 7
2024-03-06 11:23:33,154 [DEBUG] [Holmes] warming up cycle : 8
2024-03-06 11:23:38,156 [DEBUG] [Holmes] warming up cycle : 9
2024-03-06 11:23:43,155 [ERROR] [holmes.goroutine] [Holmes] pprof  goroutine, config_min : 10, config_diff : 25, config_abs : 2000, config_max : 10000, previous : [9 9 10 10 9 10 10 10 10 12], current: 12
2024-03-06 11:23:43,156 [INFO] [Holmes] pprof goroutine profile write to file tmp/goroutine..20240306112343.156.log successfully
2024-03-06 11:23:48,156 [DEBUG] [Holmes] goroutine dump is in cooldown
2024-03-06 11:23:53,154 [DEBUG] [Holmes] goroutine dump is in cooldown
2024-03-06 11:23:58,152 [DEBUG] [Holmes] goroutine dump is in cooldown
2024-03-06 11:24:03,156 [DEBUG] [Holmes] goroutine dump is in cooldown
2024-03-06 11:24:08,156 [DEBUG] [Holmes] goroutine dump is in cooldown
2024-03-06 11:24:13,152 [DEBUG] [Holmes] goroutine dump is in cooldown
2024-03-06 11:24:18,154 [DEBUG] [Holmes] goroutine dump is in cooldown
2024-03-06 11:24:23,154 [DEBUG] [Holmes] goroutine dump is in cooldown
2024-03-06 11:24:28,154 [DEBUG] [Holmes] goroutine dump is in cooldown
2024-03-06 11:24:33,158 [DEBUG] [Holmes] goroutine dump is in cooldown
2024-03-06 11:24:38,152 [DEBUG] [Holmes] goroutine dump is in cooldown
2024-03-06 11:24:43,157 [INFO] [Holmes] NODUMP goroutine, config_min : 10, config_diff : 25, config_abs : 2000, config_max : 10000, previous : [11 10 12 12 12 12 11 10 10 11], current: 10
2024-03-06 11:24:48,151 [INFO] [Holmes] NODUMP goroutine, config_min : 10, config_diff : 25, config_abs : 2000, config_max : 10000, previous : [11 10 10 12 12 12 11 10 10 11], current: 10
2024-03-06 11:24:53,152 [INFO] [Holmes] NODUMP goroutine, config_min : 10, config_diff : 25, config_abs : 2000, config_max : 10000, previous : [11 10 10 10 12 12 11 10 10 11], current: 10
2024-03-06 11:24:58,155 [INFO] [Holmes] NODUMP goroutine, config_min : 10, config_diff : 25, config_abs : 2000, config_max : 10000, previous : [11 10 10 10 9 12 11 10 10 11], current: 9
2024-03-06 11:25:03,153 [INFO] [Holmes] NODUMP goroutine, config_min : 10, config_diff : 25, config_abs : 2000, config_max : 10000, previous : [11 10 10 10 9 9 11 10 10 11], current: 9
2024-03-06 11:25:08,154 [INFO] [Holmes] NODUMP goroutine, config_min : 10, config_diff : 25, config_abs : 2000, config_max : 10000, previous : [11 10 10 10 9 9 10 10 10 11], current: 10
2024-03-06 11:25:13,156 [INFO] [Holmes] NODUMP goroutine, config_min : 10, config_diff : 25, config_abs : 2000, config_max : 10000, previous : [11 10 10 10 9 9 10 10 10 11], current: 10
2024-03-06 11:25:18,155 [INFO] [Holmes] NODUMP goroutine, config_min : 10, config_diff : 25, config_abs : 2000, config_max : 10000, previous : [11 10 10 10 9 9 10 10 10 11], current: 10
2024-03-06 11:25:23,154 [INFO] [Holmes] NODUMP goroutine, config_min : 10, config_diff : 25, config_abs : 2000, config_max : 10000, previous : [11 10 10 10 9 9 10 10 10 9], current: 9
2024-03-06 11:25:28,153 [INFO] [Holmes] NODUMP goroutine, config_min : 10, config_diff : 25, config_abs : 2000, config_max : 10000, previous : [9 10 10 10 9 9 10 10 10 9], current: 9
2024-03-06 11:25:33,154 [INFO] [Holmes] NODUMP goroutine, config_min : 10, config_diff : 25, config_abs : 2000, config_max : 10000, previous : [9 9 10 10 9 9 10 10 10 9], current: 9
2024-03-06 11:25:38,160 [INFO] [Holmes] NODUMP goroutine, config_min : 10, config_diff : 25, config_abs : 2000, config_max : 10000, previous : [9 9 10 10 9 9 10 10 10 9], current: 10
2024-03-06 11:25:43,150 [INFO] [Holmes] NODUMP goroutine, config_min : 10, config_diff : 25, config_abs : 2000, config_max : 10000, previous : [9 9 10 10 9 9 10 10 10 9], current: 10
2024-03-06 11:25:48,153 [INFO] [Holmes] NODUMP goroutine, config_min : 10, config_diff : 25, config_abs : 2000, config_max : 10000, previous : [9 9 10 10 9 9 10 10 10 9], current: 9
2024-03-06 11:25:53,152 [INFO] [Holmes] NODUMP goroutine, config_min : 10, config_diff : 25, config_abs : 2000, config_max : 10000, previous : [9 9 10 10 9 10 10 10 10 9], current: 10
2024-03-06 11:25:58,153 [INFO] [Holmes] NODUMP goroutine, config_min : 10, config_diff : 25, config_abs : 2000, config_max : 10000, previous : [9 9 10 10 9 10 10 10 10 9], current: 10
2024-03-06 11:26:03,152 [INFO] [Holmes] NODUMP goroutine, config_min : 10, config_diff : 25, config_abs : 2000, config_max : 10000, previous : [9 9 10 10 9 10 10 9 10 9], current: 9
2024-03-06 11:26:08,154 [INFO] [Holmes] NODUMP goroutine, config_min : 10, config_diff : 25, config_abs : 2000, config_max : 10000, previous : [9 9 10 10 9 10 10 9 10 9], current: 10
2024-03-06 11:26:13,153 [INFO] [Holmes] NODUMP goroutine, config_min : 10, config_diff : 25, config_abs : 2000, config_max : 10000, previous : [9 9 10 10 9 10 10 9 10 10], current: 10
2024-03-06 11:26:18,152 [INFO] [Holmes] NODUMP goroutine, config_min : 10, config_diff : 25, config_abs : 2000, config_max : 10000, previous : [10 9 10 10 9 10 10 9 10 10], current: 10
2024-03-06 11:26:23,154 [INFO] [Holmes] NODUMP goroutine, config_min : 10, config_diff : 25, config_abs : 2000, config_max : 10000, previous : [10 9 10 10 9 10 10 9 10 10], current: 9
2024-03-06 11:26:28,154 [INFO] [Holmes] NODUMP goroutine, config_min : 10, config_diff : 25, config_abs : 2000, config_max : 10000, previous : [10 9 9 10 9 10 10 9 10 10], current: 9
2024-03-06 11:26:33,154 [INFO] [Holmes] NODUMP goroutine, config_min : 10, config_diff : 25, config_abs : 2000, config_max : 10000, previous : [10 9 9 10 9 10 10 9 10 10], current: 10
2024-03-06 11:26:38,154 [INFO] [Holmes] NODUMP goroutine, config_min : 10, config_diff : 25, config_abs : 2000, config_max : 10000, previous : [10 9 9 10 10 10 10 9 10 10], current: 10
2024-03-06 11:26:43,153 [INFO] [Holmes] NODUMP goroutine, config_min : 10, config_diff : 25, config_abs : 2000, config_max : 10000, previous : [10 9 9 10 10 10 10 9 10 10], current: 10
2024-03-06 11:26:48,154 [INFO] [Holmes] NODUMP goroutine, config_min : 10, config_diff : 25, config_abs : 2000, config_max : 10000, previous : [10 9 9 10 10 10 9 9 10 10], current: 9
2024-03-06 11:26:53,153 [INFO] [Holmes] NODUMP goroutine, config_min : 10, config_diff : 25, config_abs : 2000, config_max : 10000, previous : [10 9 9 10 10 10 9 9 10 10], current: 9
2024-03-06 11:26:58,155 [INFO] [Holmes] NODUMP goroutine, config_min : 10, config_diff : 25, config_abs : 2000, config_max : 10000, previous : [10 9 9 10 10 10 9 9 10 10], current: 10
2024-03-06 11:27:03,150 [INFO] [Holmes] NODUMP goroutine, config_min : 10, config_diff : 25, config_abs : 2000, config_max : 10000, previous : [10 9 9 10 10 10 9 9 10 9], current: 9
2024-03-06 11:27:08,150 [INFO] [Holmes] NODUMP goroutine, config_min : 10, config_diff : 25, config_abs : 2000, config_max : 10000, previous : [9 9 9 10 10 10 9 9 10 9], current: 9
2024-03-06 11:27:13,155 [INFO] [Holmes] NODUMP goroutine, config_min : 10, config_diff : 25, config_abs : 2000, config_max : 10000, previous : [9 9 9 10 10 10 9 9 10 9], current: 9
2024-03-06 11:27:18,153 [INFO] [Holmes] NODUMP goroutine, config_min : 10, config_diff : 25, config_abs : 2000, config_max : 10000, previous : [9 9 9 10 10 10 9 9 10 9], current: 9
2024-03-06 11:27:23,153 [INFO] [Holmes] NODUMP goroutine, config_min : 10, config_diff : 25, config_abs : 2000, config_max : 10000, previous : [9 9 9 10 10 10 9 9 10 9], current: 10
2024-03-06 11:27:28,153 [INFO] [Holmes] NODUMP goroutine, config_min : 10, config_diff : 25, config_abs : 2000, config_max : 10000, previous : [9 9 9 10 9 10 9 9 10 9], current: 9
2024-03-06 11:27:33,152 [INFO] [Holmes] NODUMP goroutine, config_min : 10, config_diff : 25, config_abs : 2000, config_max : 10000, previous : [9 9 9 10 9 9 9 9 10 9], current: 9
2024-03-06 11:27:38,152 [INFO] [Holmes] NODUMP goroutine, config_min : 10, config_diff : 25, config_abs : 2000, config_max : 10000, previous : [9 9 9 10 9 9 9 9 10 9], current: 9
2024-03-06 11:27:43,151 [ERROR] [holmes.goroutine] [Holmes] pprof  goroutine, config_min : 10, config_diff : 25, config_abs : 2000, config_max : 10000, previous : [9 9 9 10 9 9 9 11 10 9], current: 11
2024-03-06 11:27:43,152 [INFO] [Holmes] pprof goroutine profile write to file tmp/goroutine..20240306112743.152.log successfully
2024-03-06 11:27:48,163 [DEBUG] [Holmes] goroutine dump is in cooldown
